=== docker compose ps ===
NAME      IMAGE     COMMAND   SERVICE   CREATED   STATUS    PORTS
=== health localhost ===
HTTP/1.1 200 OK
date: Wed, 01 Jul 2026 17:06:56 GMT
server: uvicorn
content-length: 266
content-type: application/json
x-request-id: 82815a9e-be3a-430a-8424-25eecb80039d
x-correlation-id: 82815a9e-be3a-430a-8424-25eecb80039d
x-content-type-options: nosniff
x-frame-options: SAMEORIGIN
referrer-policy: same-origin
permissions-policy: camera=(), microphone=(), geolocation=()
content-security-policy: default-src 'self'; base-uri 'self'; object-src 'none'; img-src 'self' data: https:; style-src 'self' 'unsafe-inline'; script-src 'self'; connect-src 'self'; frame-ancestors 'self'

{"status":"ok","postgres":{"status":"ok","result":1},"redis":{"status":"ok","result":true},"frontend_ready":true,"migration":{"status":"up_to_date","current_revision":"0006_ai_chat","head_revision":"0006_ai_chat"},"bootstrap_admin":"created","startup_complete":true}=== health ipv6 ===
HTTP/1.1 200 OK
date: Wed, 01 Jul 2026 17:06:56 GMT
server: uvicorn
content-length: 266
content-type: application/json
x-request-id: b1a8c4a1-33d9-4ce9-b5ad-4237aecfa01c
x-correlation-id: b1a8c4a1-33d9-4ce9-b5ad-4237aecfa01c
x-content-type-options: nosniff
x-frame-options: SAMEORIGIN
referrer-policy: same-origin
permissions-policy: camera=(), microphone=(), geolocation=()
content-security-policy: default-src 'self'; base-uri 'self'; object-src 'none'; img-src 'self' data: https:; style-src 'self' 'unsafe-inline'; script-src 'self'; connect-src 'self'; frame-ancestors 'self'

{"status":"ok","postgres":{"status":"ok","result":1},"redis":{"status":"ok","result":true},"frontend_ready":true,"migration":{"status":"up_to_date","current_revision":"0006_ai_chat","head_revision":"0006_ai_chat"},"bootstrap_admin":"created","startup_complete":true}=== designer auth-gate smoke ===
HTTP/1.1 401 Unauthorized
date: Wed, 01 Jul 2026 17:06:56 GMT
server: uvicorn
content-length: 26
content-type: application/json
x-request-id: 795e4ec5-346f-4d2b-8160-31c761e6ec40
x-correlation-id: 795e4ec5-346f-4d2b-8160-31c761e6ec40
x-content-type-options: nosniff
x-frame-options: SAMEORIGIN
referrer-policy: same-origin
permissions-policy: camera=(), microphone=(), geolocation=()
content-security-policy: default-src 'self'; base-uri 'self'; object-src 'none'; img-src 'self' data: https:; style-src 'self' 'unsafe-inline'; script-src 'self'; connect-src 'self'; frame-ancestors 'self'

{"detail":"missing_token"}