M6C Apoema UI Stubs UAT gates

Runtime
- health/ready: 200
- auth gates without session: 401
- backend: healthy
- frontend: available on 5175

Playwright
- executed: yes
- routes redirected to login: 45/45
- console errors: 48
- page errors: 0
- screenshots captured: yes

Functional scope
- Artifacts: blocked by session
- RAG: blocked by session
- Designer: blocked by session

Validation
- unittest discover: PASS
- ruff check: PASS
- compileall: PASS
- npm run build: PASS
- git diff --check: PASS
- pytest entrypoint: unstable in this runtime; did not provide a reliable signal

Security
- provider real: not observed
- sensitive material: not observed
- session file committed: no
