=== local docker compose config reproduction round 4 ===
2026-06-30T07:57:39-03:00
RUN_ID=28438824731
JOB_ID=84271293807
=== command ===
ADMIN_PASSWORD=<redacted> JWT_SECRET_KEY=<redacted> docker compose config
=== output ===
name: painel-ens-quality
services:
  app:
    build:
      context: /home/estevaoqualityadm/projects/Painel-ENS-Quality
      dockerfile: backend/Dockerfile
    depends_on:
      postgres:
        condition: service_healthy
        required: true
      redis:
        condition: service_healthy
        required: true
    environment:
      ACCESS_TOKEN_MINUTES: "15"
      ADMIN_EMAIL: estevao.quality@ens.edu.br
      ADMIN_NAME: Estevão Ribeiro
      ADMIN_PASSWORD: REDACTED
      ALLOWED_ORIGINS: ""
      APP_AUTO_MIGRATE: "0"
      APP_HOST: 0.0.0.0
      APP_NAME: ENS ITAM Platform
      APP_PORT: "8080"
      APP_STARTUP_CHECKS: "1"
      AUTH_RATE_LIMIT_PER_MINUTE: "20"
      AZURE_CLIENT_ID: ""
      AZURE_CLIENT_SECRET: REDACTED_EMPTY
      AZURE_TENANT_ID: ""
      DATABASE_URL: postgresql+asyncpg://itam:itam@postgres:5432/itam
      DEPENDENCY_RETRY_ATTEMPTS: "30"
      DEPENDENCY_RETRY_DELAY_SECONDS: "2"
      ENS_BUILD_FRONTEND: "0"
      ENVIRONMENT: local
      IMPORT_MAX_ROWS: "10000"
      JWT_ALGORITHM: HS256
      JWT_SECRET_KEY: REDACTED
      LANSWEEPER_BASE_URL: ""
      LANSWEEPER_TOKEN: REDACTED_EMPTY
      METRICS_TOKEN: REDACTED_EMPTY
      RATE_LIMIT_PER_MINUTE: "240"
      REDIS_URL: redis://redis:6379/0
      REFRESH_COOKIE_SAMESITE: lax
      REFRESH_COOKIE_SECURE: "false"
      REFRESH_TOKEN_DAYS: "7"
      UPLOAD_MAX_MB: "25"
      VITE_API_URL: ""
    healthcheck:
      test:
        - CMD
        - python
        - -c
        - import urllib.request; urllib.request.urlopen('http://127.0.0.1:8080/health/ready', timeout=3).read()
      timeout: 5s
      interval: 20s
      retries: 5
      start_period: 30s
    networks:
      default: null
    ports:
      - mode: ingress
        target: 8080
        published: "8080"
        protocol: tcp
    volumes:
      - type: volume
        source: app_data
        target: /app/data
        volume: {}
  postgres:
    environment:
      POSTGRES_DB: itam
      POSTGRES_PASSWORD: DEFINE_A_LOCAL_POSTGRES_PASSWORD
      POSTGRES_USER: itam
    healthcheck:
      test:
        - CMD-SHELL
        - pg_isready -U itam -d itam
      timeout: 5s
      interval: 10s
      retries: 5
      start_period: 10s
    image: postgres:17-alpine
    networks:
      default: null
    ports:
      - mode: ingress
        host_ip: 127.0.0.1
        target: 5432
        published: "5432"
        protocol: tcp
    volumes:
      - type: volume
        source: postgres_data
        target: /var/lib/postgresql/data
        volume: {}
  redis:
    healthcheck:
      test:
        - CMD
        - redis-cli
        - ping
      timeout: 5s
      interval: 10s
      retries: 5
      start_period: 5s
    image: redis:7-alpine
    networks:
      default: null
    ports:
      - mode: ingress
        host_ip: 127.0.0.1
        target: 6379
        published: "6379"
        protocol: tcp
networks:
  default:
    name: painel-ens-quality_default
volumes:
  app_data:
    name: painel-ens-quality_app_data
  postgres_data:
    name: painel-ens-quality_postgres_data
